<?xml version="1.0" encoding="UTF-8"?>
<!-- Generated by org.testng.reporters.JUnitReportReporter -->
<testsuite skipped="0" hostname="ATMECSINLT-711" name="com.atmecs.phptravels.testscripts.ChatTest" tests="2" failures="0" timestamp="09 Oct 2020 11:19:06 GMT" time="56.184" errors="0">
  <testcase name="Chat" time="28.334" classname="com.atmecs.phptravels.testscripts.ChatTest"/>
  <testcase name="Chat" time="27.850" classname="com.atmecs.phptravels.testscripts.ChatTest"/>
</testsuite> <!-- com.atmecs.phptravels.testscripts.ChatTest -->
